FDTD Solutions Version 8.21.1854 (Windows 64bit)
 expires (month/day/year): 12/11/2023
using config file: C:/Users/musta/AppData/Roaming/Lumerical/FDTD Solutions.ini
license host: <a href=http://photonics.ece.ubc.ca:8095>photonics.ece.ubc.ca:8095</a>
current time: Tue Mar 26 23:36:56 2019
Running on host: ece-cdw-nj04
All processes are communicating and ready to proceed to simulation...
Running fsp file: C:\Program Files\Lumerical\FDTD\bin\fdtd-engine-msmpi.exe -t 1 -remote -hide C:/Users/musta/Documents/GitHub/SiEPIC_Photonics_Package/SiEPIC_Photonics_Package/solvers_simulators/contraDC/contraDC_bandstructure_bandstructure/bandstructure_1.fsp
number of processors is 8
processors are distributed as: 1x4x2
Running 3D Simulation
Starting meshing
Simulation size in gridpoints: 13 x 43 x 44
Refined 0 mesh cells (0%)
Completed meshing!
Meshing complete in 0.046875 seconds of CPU time
7760 7760
Starting meshing
Simulation size in gridpoints: 13 x 43 x 44
Refined 0 mesh cells (0%)
Completed meshing!
Meshing complete in 0.03125 seconds of CPU time
6080 6080
Starting meshing
Simulation size in gridpoints: 13 x 43 x 44
Refined 0 mesh cells (0%)
Completed meshing!
Meshing complete in 0.046875 seconds of CPU time
3376 3376
finished material properties
Meshing Time: 0.0933678 seconds, Init Electrical Material Time: 0.0947314 seconds, Init Magnetic Material Time: 0.00022272
Using selected optimization level: 2
Selecting 3d kernel for splitFieldDirection=0 and optLevel=2
-----------------------------------------
Beginning initialization of 3D Simulation
Starting to add sources to simulation
Adding 3D Gaussian source propagating in X
Starting to add boundary conditions to simulation
Adding 3D Bloch BC
Adding 3D Bloch BC
Adding 3D PML BC
Adding 3D Parallel BC
Adding 3D PML BC
Adding 3D Parallel BC
Starting to add monitors to Simulation
Adding analysis monitor
Adding analysis monitor
Adding 3D Time monitor
Adding 3D Time monitor
Adding 3D Time monitor
Adding 3D Time monitor
Adding 3D Time monitor
Adding 3D Time monitor
Adding 3D Time monitor
Adding 3D Time monitor
Adding 3D Time monitor
Adding 3D Time monitor
Adding 3D Time monitor
Adding 3D Time monitor
Adding 3D Time monitor
Adding 3D Time monitor
Adding 3D Time monitor
Adding 3D Time monitor
Adding 3D Time monitor
Adding 3D Time monitor
Adding 3D Time monitor
Adding 3D Time monitor
Adding 3D Time monitor
Adding 3D Time monitor
Adding 3D Time monitor
Adding 3D Time monitor
Adding 3D Time monitor
Adding 3D Time monitor
Adding 3D Time monitor
Adding 3D Time monitor
Adding 3D Time monitor
Adding 3D Time monitor
Adding 3D Time monitor
Adding 3D Time monitor
Adding 3D Time monitor
Adding 3D Time monitor
Adding 3D Time monitor
Adding 3D Time monitor
Adding 3D Time monitor
Adding 3D Time monitor
Adding 3D Time monitor
Adding 3D Time monitor
Finished initialization of 3D Simulation
-----------------------------------------
All processes are communicating and ready to proceed to simulation...
Starting 354126 total iterations
0% complete. Max time remaining: 37 mins, 3 secs. Auto Shutoff: 1
